This file contains any messages produced by compilers while
running configure, to aid debugging if configure makes a mistake.

It was created by speexdsp configure 1.2rc3, which was
generated by GNU Autoconf 2.69.  Invocation command line was

  $ ./configure 

## --------- ##
## Platform. ##
## --------- ##

hostname = cti70-OptiPlex-7040
uname -m = x86_64
uname -r = 4.8.0-49-generic
uname -s = Linux
uname -v = #52~16.04.1-Ubuntu SMP Thu Apr 20 10:55:59 UTC 2017

/usr/bin/uname -p = unknown
/bin/uname -X     = unknown

/bin/arch              = unknown
/usr/bin/arch -k       = unknown
/usr/convex/getsysinfo = unknown
/usr/bin/hostinfo      = unknown
/bin/machine           = unknown
/usr/bin/oslevel       = unknown
/bin/universe          = unknown

PATH: /opt/ros/kinetic/bin
PATH: /home/cti-70/bin
PATH: /home/cti-70/.local/bin
PATH: /usr/local/sbin
PATH: /usr/local/bin
PATH: /usr/sbin
PATH: /usr/bin
PATH: /sbin
PATH: /bin
PATH: /usr/games
PATH: /usr/local/games
PATH: /snap/bin
PATH: /usr/local/arm/4.3.2/bin
PATH: /usr/local/bin


## ----------- ##
## Core tests. ##
## ----------- ##

configure:2473: checking whether make supports nested variables
configure:2490: result: yes
configure:2557: checking for a BSD-compatible install
configure:2625: result: /usr/bin/install -c
configure:2636: checking whether build environment is sane
configure:2691: result: yes
configure:2842: checking for a thread-safe mkdir -p
configure:2881: result: /bin/mkdir -p
configure:2888: checking for gawk
configure:2918: result: no
configure:2888: checking for mawk
configure:2904: found /usr/bin/mawk
configure:2915: result: mawk
configure:2926: checking whether make sets $(MAKE)
configure:2948: result: yes
configure:3073: checking whether to enable maintainer-specific portions of Makefiles
configure:3082: result: yes
configure:3100: checking build system type
configure:3114: result: x86_64-unknown-linux-gnu
configure:3134: checking host system type
configure:3147: result: x86_64-unknown-linux-gnu
configure:3516: checking how to print strings
configure:3543: result: printf
configure:3576: checking for style of include used by make
configure:3604: result: GNU
configure:3675: checking for gcc
configure:3691: found /usr/bin/gcc
configure:3702: result: gcc
configure:3931: checking for C compiler version
configure:3940: gcc --version >&5
gcc (Ubuntu 5.4.0-6ubuntu1~16.04.4) 5.4.0 20160609
Copyright (C) 2015 Free Software Foundation, Inc.
This is free software; see the source for copying conditions.  There is NO
warranty; not even for MERCHANTABILITY or FITNESS FOR A PARTICULAR PURPOSE.

configure:3951: $? = 0
configure:3940: gcc -v >&5
Using built-in specs.
COLLECT_GCC=gcc
COLLECT_LTO_WRAPPER=/usr/lib/gcc/x86_64-linux-gnu/5/lto-wrapper
Target: x86_64-linux-gnu
Configured with: ../src/configure -v --with-pkgversion='Ubuntu 5.4.0-6ubuntu1~16.04.4' --with-bugurl=file:///usr/share/doc/gcc-5/README.Bugs --enable-languages=c,ada,c++,java,go,d,fortran,objc,obj-c++ --prefix=/usr --program-suffix=-5 --enable-shared --enable-linker-build-id --libexecdir=/usr/lib --without-included-gettext --enable-threads=posix --libdir=/usr/lib --enable-nls --with-sysroot=/ --enable-clocale=gnu --enable-libstdcxx-debug --enable-libstdcxx-time=yes --with-default-libstdcxx-abi=new --enable-gnu-unique-object --disable-vtable-verify --enable-libmpx --enable-plugin --with-system-zlib --disable-browser-plugin --enable-java-awt=gtk --enable-gtk-cairo --with-java-home=/usr/lib/jvm/java-1.5.0-gcj-5-amd64/jre --enable-java-home --with-jvm-root-dir=/usr/lib/jvm/java-1.5.0-gcj-5-amd64 --with-jvm-jar-dir=/usr/lib/jvm-exports/java-1.5.0-gcj-5-amd64 --with-arch-directory=amd64 --with-ecj-jar=/usr/share/java/eclipse-ecj.jar --enable-objc-gc --enable-multiarch --disable-werror --with-arch-32=i686 --with-abi=m64 --with-multilib-list=m32,m64,mx32 --enable-multilib --with-tune=generic --enable-checking=release --build=x86_64-linux-gnu --host=x86_64-linux-gnu --target=x86_64-linux-gnu
Thread model: posix
gcc version 5.4.0 20160609 (Ubuntu 5.4.0-6ubuntu1~16.04.4) 
configure:3951: $? = 0
configure:3940: gcc -V >&5
gcc: error: unrecognized command line option '-V'
gcc: fatal error: no input files
compilation terminated.
configure:3951: $? = 1
configure:3940: gcc -qversion >&5
gcc: error: unrecognized command line option '-qversion'
gcc: fatal error: no input files
compilation terminated.
configure:3951: $? = 1
configure:3971: checking whether the C compiler works
configure:3993: gcc    conftest.c  >&5
configure:3997: $? = 0
configure:4045: result: yes
configure:4048: checking for C compiler default output file name
configure:4050: result: a.out
configure:4056: checking for suffix of executables
configure:4063: gcc -o conftest    conftest.c  >&5
configure:4067: $? = 0
configure:4089: result: 
configure:4111: checking whether we are cross compiling
configure:4119: gcc -o conftest    conftest.c  >&5
configure:4123: $? = 0
configure:4130: ./conftest
configure:4134: $? = 0
configure:4149: result: no
configure:4154: checking for suffix of object files
configure:4176: gcc -c   conftest.c >&5
configure:4180: $? = 0
configure:4201: result: o
configure:4205: checking whether we are using the GNU C compiler
configure:4224: gcc -c   conftest.c >&5
configure:4224: $? = 0
configure:4233: result: yes
configure:4242: checking whether gcc accepts -g
configure:4262: gcc -c -g  conftest.c >&5
configure:4262: $? = 0
configure:4303: result: yes
configure:4320: checking for gcc option to accept ISO C89
configure:4383: gcc  -c -g -O2  conftest.c >&5
configure:4383: $? = 0
configure:4396: result: none needed
configure:4421: checking whether gcc understands -c and -o together
configure:4443: gcc -c conftest.c -o conftest2.o
configure:4446: $? = 0
configure:4443: gcc -c conftest.c -o conftest2.o
configure:4446: $? = 0
configure:4458: result: yes
configure:4477: checking dependency style of gcc
configure:4588: result: gcc3
configure:4603: checking for a sed that does not truncate output
configure:4667: result: /bin/sed
configure:4685: checking for grep that handles long lines and -e
configure:4743: result: /bin/grep
configure:4748: checking for egrep
configure:4810: result: /bin/grep -E
configure:4815: checking for fgrep
configure:4877: result: /bin/grep -F
configure:4912: checking for ld used by gcc
configure:4979: result: /usr/bin/ld
configure:4986: checking if the linker (/usr/bin/ld) is GNU ld
configure:5001: result: yes
configure:5013: checking for BSD- or MS-compatible name lister (nm)
configure:5062: result: /usr/bin/nm -B
configure:5192: checking the name lister (/usr/bin/nm -B) interface
configure:5199: gcc -c -g -O2  conftest.c >&5
configure:5202: /usr/bin/nm -B "conftest.o"
configure:5205: output
0000000000000000 B some_variable
configure:5212: result: BSD nm
configure:5215: checking whether ln -s works
configure:5219: result: yes
configure:5227: checking the maximum length of command line arguments
configure:5358: result: 1572864
configure:5375: checking whether the shell understands some XSI constructs
configure:5385: result: yes
configure:5389: checking whether the shell understands "+="
configure:5395: result: yes
configure:5430: checking how to convert x86_64-unknown-linux-gnu file names to x86_64-unknown-linux-gnu format
configure:5470: result: func_convert_file_noop
configure:5477: checking how to convert x86_64-unknown-linux-gnu file names to toolchain format
configure:5497: result: func_convert_file_noop
configure:5504: checking for /usr/bin/ld option to reload object files
configure:5511: result: -r
configure:5585: checking for objdump
configure:5612: result: objdump
configure:5641: checking how to recognize dependent libraries
configure:5839: result: pass_all
configure:5924: checking for dlltool
configure:5951: result: dlltool
configure:5981: checking how to associate runtime and link libraries
configure:6008: result: printf %s\n
configure:6069: checking for ar
configure:6085: found /usr/bin/ar
configure:6096: result: ar
configure:6133: checking for archiver @FILE support
configure:6150: gcc -c -g -O2  conftest.c >&5
configure:6150: $? = 0
configure:6153: ar cru libconftest.a @conftest.lst >&5
ar: `u' modifier ignored since `D' is the default (see `U')
configure:6156: $? = 0
configure:6161: ar cru libconftest.a @conftest.lst >&5
ar: `u' modifier ignored since `D' is the default (see `U')
ar: conftest.o: No such file or directory
configure:6164: $? = 1
configure:6176: result: @
configure:6234: checking for strip
configure:6250: found /usr/bin/strip
configure:6261: result: strip
configure:6333: checking for ranlib
configure:6349: found /usr/bin/ranlib
configure:6360: result: ranlib
configure:6462: checking command to parse /usr/bin/nm -B output from gcc object
configure:6582: gcc -c -g -O2  conftest.c >&5
configure:6585: $? = 0
configure:6589: /usr/bin/nm -B conftest.o \| sed -n -e 's/^.*[ ]\([ABCDGIRSTW][ABCDGIRSTW]*\)[ ][ ]*\([_A-Za-z][_A-Za-z0-9]*\)$/\1 \2 \2/p' | sed '/ __gnu_lto/d' \> conftest.nm
configure:6592: $? = 0
configure:6658: gcc -o conftest -g -O2   conftest.c conftstm.o >&5
configure:6661: $? = 0
configure:6699: result: ok
configure:6736: checking for sysroot
configure:6766: result: no
configure:6843: gcc -c -g -O2  conftest.c >&5
configure:6846: $? = 0
configure:7035: checking for mt
configure:7051: found /bin/mt
configure:7062: result: mt
configure:7085: checking if mt is a manifest tool
configure:7091: mt '-?'
configure:7099: result: no
configure:7741: checking how to run the C preprocessor
configure:7772: gcc -E  conftest.c
configure:7772: $? = 0
configure:7786: gcc -E  conftest.c
conftest.c:9:28: fatal error: ac_nonexistent.h: No such file or directory
compilation terminated.
configure:7786: $? = 1
configure: failed program was:
| /* confdefs.h */
| #define PACKAGE_NAME "speexdsp"
| #define PACKAGE_TARNAME "speexdsp"
| #define PACKAGE_VERSION "1.2rc3"
| #define PACKAGE_STRING "speexdsp 1.2rc3"
| #define PACKAGE_BUGREPORT "speex-dev@xiph.org"
| #define PACKAGE_URL ""
| /* end confdefs.h.  */
| #include <ac_nonexistent.h>
configure:7811: result: gcc -E
configure:7831: gcc -E  conftest.c
configure:7831: $? = 0
configure:7845: gcc -E  conftest.c
conftest.c:9:28: fatal error: ac_nonexistent.h: No such file or directory
compilation terminated.
configure:7845: $? = 1
configure: failed program was:
| /* confdefs.h */
| #define PACKAGE_NAME "speexdsp"
| #define PACKAGE_TARNAME "speexdsp"
| #define PACKAGE_VERSION "1.2rc3"
| #define PACKAGE_STRING "speexdsp 1.2rc3"
| #define PACKAGE_BUGREPORT "speex-dev@xiph.org"
| #define PACKAGE_URL ""
| /* end confdefs.h.  */
| #include <ac_nonexistent.h>
configure:7874: checking for ANSI C header files
configure:7894: gcc -c -g -O2  conftest.c >&5
configure:7894: $? = 0
configure:7967: gcc -o conftest -g -O2   conftest.c  >&5
configure:7967: $? = 0
configure:7967: ./conftest
configure:7967: $? = 0
configure:7978: result: yes
configure:7991: checking for sys/types.h
configure:7991: gcc -c -g -O2  conftest.c >&5
configure:7991: $? = 0
configure:7991: result: yes
configure:7991: checking for sys/stat.h
configure:7991: gcc -c -g -O2  conftest.c >&5
configure:7991: $? = 0
configure:7991: result: yes
configure:7991: checking for stdlib.h
configure:7991: gcc -c -g -O2  conftest.c >&5
configure:7991: $? = 0
configure:7991: result: yes
configure:7991: checking for string.h
configure:7991: gcc -c -g -O2  conftest.c >&5
configure:7991: $? = 0
configure:7991: result: yes
configure:7991: checking for memory.h
configure:7991: gcc -c -g -O2  conftest.c >&5
configure:7991: $? = 0
configure:7991: result: yes
configure:7991: checking for strings.h
configure:7991: gcc -c -g -O2  conftest.c >&5
configure:7991: $? = 0
configure:7991: result: yes
configure:7991: checking for inttypes.h
configure:7991: gcc -c -g -O2  conftest.c >&5
configure:7991: $? = 0
configure:7991: result: yes
configure:7991: checking for stdint.h
configure:7991: gcc -c -g -O2  conftest.c >&5
configure:7991: $? = 0
configure:7991: result: yes
configure:7991: checking for unistd.h
configure:7991: gcc -c -g -O2  conftest.c >&5
configure:7991: $? = 0
configure:7991: result: yes
configure:8005: checking for dlfcn.h
configure:8005: gcc -c -g -O2  conftest.c >&5
configure:8005: $? = 0
configure:8005: result: yes
configure:8209: checking for objdir
configure:8224: result: .libs
configure:8495: checking if gcc supports -fno-rtti -fno-exceptions
configure:8513: gcc -c -g -O2  -fno-rtti -fno-exceptions conftest.c >&5
cc1: warning: command line option '-fno-rtti' is valid for C++/ObjC++ but not for C
configure:8517: $? = 0
configure:8530: result: no
configure:8857: checking for gcc option to produce PIC
configure:8864: result: -fPIC -DPIC
configure:8872: checking if gcc PIC flag -fPIC -DPIC works
configure:8890: gcc -c -g -O2  -fPIC -DPIC -DPIC conftest.c >&5
configure:8894: $? = 0
configure:8907: result: yes
configure:8936: checking if gcc static flag -static works
configure:8964: result: yes
configure:8979: checking if gcc supports -c -o file.o
configure:9000: gcc -c -g -O2  -o out/conftest2.o conftest.c >&5
configure:9004: $? = 0
configure:9026: result: yes
configure:9034: checking if gcc supports -c -o file.o
configure:9081: result: yes
configure:9114: checking whether the gcc linker (/usr/bin/ld -m elf_x86_64) supports shared libraries
configure:10271: result: yes
configure:10308: checking whether -lc should be explicitly linked in
configure:10316: gcc -c -g -O2  conftest.c >&5
configure:10319: $? = 0
configure:10334: gcc -shared  -fPIC -DPIC conftest.o  -v -Wl,-soname -Wl,conftest -o conftest 2\>\&1 \| /bin/grep  -lc  \>/dev/null 2\>\&1
configure:10337: $? = 0
configure:10351: result: no
configure:10511: checking dynamic linker characteristics
configure:11011: gcc -o conftest -g -O2   -Wl,-rpath -Wl,/foo conftest.c  >&5
configure:11011: $? = 0
configure:11245: result: GNU/Linux ld.so
configure:11352: checking how to hardcode library paths into programs
configure:11377: result: immediate
configure:11917: checking whether stripping libraries is possible
configure:11922: result: yes
configure:11957: checking if libtool supports shared libraries
configure:11959: result: yes
configure:11962: checking whether to build shared libraries
configure:11983: result: yes
configure:11986: checking whether to build static libraries
configure:11990: result: yes
configure:12028: checking whether byte ordering is bigendian
configure:12043: gcc -c -g -O2  conftest.c >&5
conftest.c:22:9: error: unknown type name 'not'
         not a universal capable compiler
         ^
conftest.c:22:15: error: expected '=', ',', ';', 'asm' or '__attribute__' before 'universal'
         not a universal capable compiler
               ^
conftest.c:22:15: error: unknown type name 'universal'
configure:12043: $? = 1
configure: failed program was:
| /* confdefs.h */
| #define PACKAGE_NAME "speexdsp"
| #define PACKAGE_TARNAME "speexdsp"
| #define PACKAGE_VERSION "1.2rc3"
| #define PACKAGE_STRING "speexdsp 1.2rc3"
| #define PACKAGE_BUGREPORT "speex-dev@xiph.org"
| #define PACKAGE_URL ""
| #define STDC_HEADERS 1
| #define HAVE_SYS_TYPES_H 1
| #define HAVE_SYS_STAT_H 1
| #define HAVE_STDLIB_H 1
| #define HAVE_STRING_H 1
| #define HAVE_MEMORY_H 1
| #define HAVE_STRINGS_H 1
| #define HAVE_INTTYPES_H 1
| #define HAVE_STDINT_H 1
| #define HAVE_UNISTD_H 1
| #define HAVE_DLFCN_H 1
| #define LT_OBJDIR ".libs/"
| /* end confdefs.h.  */
| #ifndef __APPLE_CC__
| 	       not a universal capable compiler
| 	     #endif
| 	     typedef int dummy;
| 
configure:12088: gcc -c -g -O2  conftest.c >&5
configure:12088: $? = 0
configure:12106: gcc -c -g -O2  conftest.c >&5
conftest.c: In function 'main':
conftest.c:28:4: error: unknown type name 'not'
    not big endian
    ^
conftest.c:28:12: error: expected '=', ',', ';', 'asm' or '__attribute__' before 'endian'
    not big endian
            ^
configure:12106: $? = 1
configure: failed program was:
| /* confdefs.h */
| #define PACKAGE_NAME "speexdsp"
| #define PACKAGE_TARNAME "speexdsp"
| #define PACKAGE_VERSION "1.2rc3"
| #define PACKAGE_STRING "speexdsp 1.2rc3"
| #define PACKAGE_BUGREPORT "speex-dev@xiph.org"
| #define PACKAGE_URL ""
| #define STDC_HEADERS 1
| #define HAVE_SYS_TYPES_H 1
| #define HAVE_SYS_STAT_H 1
| #define HAVE_STDLIB_H 1
| #define HAVE_STRING_H 1
| #define HAVE_MEMORY_H 1
| #define HAVE_STRINGS_H 1
| #define HAVE_INTTYPES_H 1
| #define HAVE_STDINT_H 1
| #define HAVE_UNISTD_H 1
| #define HAVE_DLFCN_H 1
| #define LT_OBJDIR ".libs/"
| /* end confdefs.h.  */
| #include <sys/types.h>
| 		#include <sys/param.h>
| 
| int
| main ()
| {
| #if BYTE_ORDER != BIG_ENDIAN
| 		 not big endian
| 		#endif
| 
|   ;
|   return 0;
| }
configure:12234: result: no
configure:12252: checking for an ANSI C-conforming const
configure:12318: gcc -c -g -O2  conftest.c >&5
configure:12318: $? = 0
configure:12325: result: yes
configure:12333: checking for inline
configure:12349: gcc -c -g -O2  conftest.c >&5
configure:12349: $? = 0
configure:12357: result: inline
configure:12375: checking for C/C++ restrict keyword
configure:12400: gcc -c -g -O2  conftest.c >&5
configure:12400: $? = 0
configure:12408: result: __restrict
configure:12423: checking for C99 variable-size arrays
configure:12440: gcc -c -g -O2  conftest.c >&5
configure:12440: $? = 0
configure:12450: result: yes
configure:12456: checking alloca.h usability
configure:12456: gcc -c -g -O2  conftest.c >&5
configure:12456: $? = 0
configure:12456: result: yes
configure:12456: checking alloca.h presence
configure:12456: gcc -E  conftest.c
configure:12456: $? = 0
configure:12456: result: yes
configure:12456: checking for alloca.h
configure:12456: result: yes
configure:12456: checking getopt.h usability
configure:12456: gcc -c -g -O2  conftest.c >&5
configure:12456: $? = 0
configure:12456: result: yes
configure:12456: checking getopt.h presence
configure:12456: gcc -E  conftest.c
configure:12456: $? = 0
configure:12456: result: yes
configure:12456: checking for getopt.h
configure:12456: result: yes
configure:12466: checking for alloca
configure:12487: gcc -c -g -O2  conftest.c >&5
configure:12487: $? = 0
configure:12501: result: yes
configure:12504: checking for SSE in current arch/CFLAGS
configure:12523: gcc -o conftest -g -O2   conftest.c  >&5
configure:12523: $? = 0
configure:12535: result: yes
configure:12538: checking for SSE2 in current arch/CFLAGS
configure:12557: gcc -o conftest -g -O2   conftest.c  >&5
configure:12557: $? = 0
configure:12569: result: yes
configure:12572: checking for NEON in current arch/CFLAGS
configure:12591: gcc -o conftest -g -O2   conftest.c  >&5
conftest.c:27:22: fatal error: arm_neon.h: No such file or directory
compilation terminated.
configure:12591: $? = 1
configure: failed program was:
| /* confdefs.h */
| #define PACKAGE_NAME "speexdsp"
| #define PACKAGE_TARNAME "speexdsp"
| #define PACKAGE_VERSION "1.2rc3"
| #define PACKAGE_STRING "speexdsp 1.2rc3"
| #define PACKAGE_BUGREPORT "speex-dev@xiph.org"
| #define PACKAGE_URL ""
| #define STDC_HEADERS 1
| #define HAVE_SYS_TYPES_H 1
| #define HAVE_SYS_STAT_H 1
| #define HAVE_STDLIB_H 1
| #define HAVE_STRING_H 1
| #define HAVE_MEMORY_H 1
| #define HAVE_STRINGS_H 1
| #define HAVE_INTTYPES_H 1
| #define HAVE_STDINT_H 1
| #define HAVE_UNISTD_H 1
| #define HAVE_DLFCN_H 1
| #define LT_OBJDIR ".libs/"
| #define restrict __restrict
| #define VAR_ARRAYS /**/
| #define HAVE_ALLOCA_H 1
| #define HAVE_GETOPT_H 1
| /* end confdefs.h.  */
| 
| 
| #include <arm_neon.h>
| int32x4_t testfunc(int16_t *a, int16_t *b) {
|       return vmull_s16(vld1_s16(a), vld1_s16(b));
| }
| 
| int
| main ()
| {
| 
|   ;
|   return 0;
| }
configure:12603: result: no
configure:12608: checking for ELF visibility
configure:12626: gcc -c -g -O2 -fvisibility=hidden  conftest.c >&5
configure:12626: $? = 0
configure:12644: result: yes
configure:12650: checking sys/soundcard.h usability
configure:12650: gcc -c -g -O2 -fvisibility=hidden  conftest.c >&5
configure:12650: $? = 0
configure:12650: result: yes
configure:12650: checking sys/soundcard.h presence
configure:12650: gcc -E  conftest.c
configure:12650: $? = 0
configure:12650: result: yes
configure:12650: checking for sys/soundcard.h
configure:12650: result: yes
configure:12650: checking sys/audioio.h usability
configure:12650: gcc -c -g -O2 -fvisibility=hidden  conftest.c >&5
conftest.c:60:25: fatal error: sys/audioio.h: No such file or directory
compilation terminated.
configure:12650: $? = 1
configure: failed program was:
| /* confdefs.h */
| #define PACKAGE_NAME "speexdsp"
| #define PACKAGE_TARNAME "speexdsp"
| #define PACKAGE_VERSION "1.2rc3"
| #define PACKAGE_STRING "speexdsp 1.2rc3"
| #define PACKAGE_BUGREPORT "speex-dev@xiph.org"
| #define PACKAGE_URL ""
| #define STDC_HEADERS 1
| #define HAVE_SYS_TYPES_H 1
| #define HAVE_SYS_STAT_H 1
| #define HAVE_STDLIB_H 1
| #define HAVE_STRING_H 1
| #define HAVE_MEMORY_H 1
| #define HAVE_STRINGS_H 1
| #define HAVE_INTTYPES_H 1
| #define HAVE_STDINT_H 1
| #define HAVE_UNISTD_H 1
| #define HAVE_DLFCN_H 1
| #define LT_OBJDIR ".libs/"
| #define restrict __restrict
| #define VAR_ARRAYS /**/
| #define HAVE_ALLOCA_H 1
| #define HAVE_GETOPT_H 1
| #define EXPORT __attribute__((visibility("default")))
| #define HAVE_SYS_SOUNDCARD_H 1
| /* end confdefs.h.  */
| #include <stdio.h>
| #ifdef HAVE_SYS_TYPES_H
| # include <sys/types.h>
| #endif
| #ifdef HAVE_SYS_STAT_H
| # include <sys/stat.h>
| #endif
| #ifdef STDC_HEADERS
| # include <stdlib.h>
| # include <stddef.h>
| #else
| # ifdef HAVE_STDLIB_H
| #  include <stdlib.h>
| # endif
| #endif
| #ifdef HAVE_STRING_H
| # if !defined STDC_HEADERS && defined HAVE_MEMORY_H
| #  include <memory.h>
| # endif
| # include <string.h>
| #endif
| #ifdef HAVE_STRINGS_H
| # include <strings.h>
| #endif
| #ifdef HAVE_INTTYPES_H
| # include <inttypes.h>
| #endif
| #ifdef HAVE_STDINT_H
| # include <stdint.h>
| #endif
| #ifdef HAVE_UNISTD_H
| # include <unistd.h>
| #endif
| #include <sys/audioio.h>
configure:12650: result: no
configure:12650: checking sys/audioio.h presence
configure:12650: gcc -E  conftest.c
conftest.c:27:25: fatal error: sys/audioio.h: No such file or directory
compilation terminated.
configure:12650: $? = 1
configure: failed program was:
| /* confdefs.h */
| #define PACKAGE_NAME "speexdsp"
| #define PACKAGE_TARNAME "speexdsp"
| #define PACKAGE_VERSION "1.2rc3"
| #define PACKAGE_STRING "speexdsp 1.2rc3"
| #define PACKAGE_BUGREPORT "speex-dev@xiph.org"
| #define PACKAGE_URL ""
| #define STDC_HEADERS 1
| #define HAVE_SYS_TYPES_H 1
| #define HAVE_SYS_STAT_H 1
| #define HAVE_STDLIB_H 1
| #define HAVE_STRING_H 1
| #define HAVE_MEMORY_H 1
| #define HAVE_STRINGS_H 1
| #define HAVE_INTTYPES_H 1
| #define HAVE_STDINT_H 1
| #define HAVE_UNISTD_H 1
| #define HAVE_DLFCN_H 1
| #define LT_OBJDIR ".libs/"
| #define restrict __restrict
| #define VAR_ARRAYS /**/
| #define HAVE_ALLOCA_H 1
| #define HAVE_GETOPT_H 1
| #define EXPORT __attribute__((visibility("default")))
| #define HAVE_SYS_SOUNDCARD_H 1
| /* end confdefs.h.  */
| #include <sys/audioio.h>
configure:12650: result: no
configure:12650: checking for sys/audioio.h
configure:12650: result: no
configure:12751: checking for cos in -lm
configure:12776: gcc -o conftest -g -O2 -fvisibility=hidden   conftest.c -lm   >&5
conftest.c:34:6: warning: conflicting types for built-in function 'cos'
 char cos ();
      ^
configure:12776: $? = 0
configure:12785: result: yes
configure:13038: checking for pkg-config
configure:13056: found /usr/bin/pkg-config
configure:13068: result: /usr/bin/pkg-config
configure:13093: checking pkg-config is at least version 0.9.0
configure:13096: result: yes
configure:13281: checking size of int16_t
configure:13286: gcc -o conftest -g -O2 -fvisibility=hidden   conftest.c  >&5
configure:13286: $? = 0
configure:13286: ./conftest
configure:13286: $? = 0
configure:13300: result: 2
configure:13314: checking size of uint16_t
configure:13319: gcc -o conftest -g -O2 -fvisibility=hidden   conftest.c  >&5
configure:13319: $? = 0
configure:13319: ./conftest
configure:13319: $? = 0
configure:13333: result: 2
configure:13347: checking size of u_int16_t
configure:13352: gcc -o conftest -g -O2 -fvisibility=hidden   conftest.c  >&5
configure:13352: $? = 0
configure:13352: ./conftest
configure:13352: $? = 0
configure:13366: result: 2
configure:13380: checking size of int32_t
configure:13385: gcc -o conftest -g -O2 -fvisibility=hidden   conftest.c  >&5
configure:13385: $? = 0
configure:13385: ./conftest
configure:13385: $? = 0
configure:13399: result: 4
configure:13413: checking size of uint32_t
configure:13418: gcc -o conftest -g -O2 -fvisibility=hidden   conftest.c  >&5
configure:13418: $? = 0
configure:13418: ./conftest
configure:13418: $? = 0
configure:13432: result: 4
configure:13446: checking size of u_int32_t
configure:13451: gcc -o conftest -g -O2 -fvisibility=hidden   conftest.c  >&5
configure:13451: $? = 0
configure:13451: ./conftest
configure:13451: $? = 0
configure:13465: result: 4
configure:13479: checking size of short
configure:13484: gcc -o conftest -g -O2 -fvisibility=hidden   conftest.c  >&5
configure:13484: $? = 0
configure:13484: ./conftest
configure:13484: $? = 0
configure:13498: result: 2
configure:13512: checking size of int
configure:13517: gcc -o conftest -g -O2 -fvisibility=hidden   conftest.c  >&5
configure:13517: $? = 0
configure:13517: ./conftest
configure:13517: $? = 0
configure:13531: result: 4
configure:13545: checking size of long
configure:13550: gcc -o conftest -g -O2 -fvisibility=hidden   conftest.c  >&5
configure:13550: $? = 0
configure:13550: ./conftest
configure:13550: $? = 0
configure:13564: result: 8
configure:13748: checking that generated files are newer than configure
configure:13754: result: done
configure:13798: creating ./config.status

## ---------------------- ##
## Running config.status. ##
## ---------------------- ##

This file was extended by speexdsp config.status 1.2rc3, which was
generated by GNU Autoconf 2.69.  Invocation command line was

  CONFIG_FILES    = 
  CONFIG_HEADERS  = 
  CONFIG_LINKS    = 
  CONFIG_COMMANDS = 
  $ ./config.status 

on cti70-OptiPlex-7040

config.status:1146: creating Makefile
config.status:1146: creating libspeexdsp/Makefile
config.status:1146: creating doc/Makefile
config.status:1146: creating SpeexDSP.spec
config.status:1146: creating include/Makefile
config.status:1146: creating include/speex/Makefile
config.status:1146: creating speexdsp.pc
config.status:1146: creating win32/Makefile
config.status:1146: creating win32/libspeexdsp/Makefile
config.status:1146: creating symbian/Makefile
config.status:1146: creating win32/VS2003/Makefile
config.status:1146: creating win32/VS2003/libspeexdsp/Makefile
config.status:1146: creating win32/VS2003/tests/Makefile
config.status:1146: creating win32/VS2005/Makefile
config.status:1146: creating win32/VS2005/libspeexdsp/Makefile
config.status:1146: creating win32/VS2005/tests/Makefile
config.status:1146: creating win32/VS2008/Makefile
config.status:1146: creating win32/VS2008/libspeexdsp/Makefile
config.status:1146: creating win32/VS2008/tests/Makefile
config.status:1146: creating include/speex/speexdsp_config_types.h
config.status:1146: creating ti/Makefile
config.status:1146: creating ti/speex_C54_test/Makefile
config.status:1146: creating ti/speex_C55_test/Makefile
config.status:1146: creating ti/speex_C64_test/Makefile
config.status:1146: creating config.h
config.status:1375: executing depfiles commands
config.status:1375: executing libtool commands

## ---------------- ##
## Cache variables. ##
## ---------------- ##

ac_cv_build=x86_64-unknown-linux-gnu
ac_cv_c_bigendian=no
ac_cv_c_compiler_gnu=yes
ac_cv_c_const=yes
ac_cv_c_inline=inline
ac_cv_c_restrict=__restrict
ac_cv_env_CC_set=
ac_cv_env_CC_value=
ac_cv_env_CFLAGS_set=
ac_cv_env_CFLAGS_value=
ac_cv_env_CPPFLAGS_set=
ac_cv_env_CPPFLAGS_value=
ac_cv_env_CPP_set=
ac_cv_env_CPP_value=
ac_cv_env_FFT_CFLAGS_set=
ac_cv_env_FFT_CFLAGS_value=
ac_cv_env_FFT_LIBS_set=
ac_cv_env_FFT_LIBS_value=
ac_cv_env_LDFLAGS_set=
ac_cv_env_LDFLAGS_value=
ac_cv_env_LIBS_set=
ac_cv_env_LIBS_value=
ac_cv_env_PKG_CONFIG_LIBDIR_set=
ac_cv_env_PKG_CONFIG_LIBDIR_value=
ac_cv_env_PKG_CONFIG_PATH_set=set
ac_cv_env_PKG_CONFIG_PATH_value=/opt/ros/kinetic/lib/pkgconfig
ac_cv_env_PKG_CONFIG_set=
ac_cv_env_PKG_CONFIG_value=
ac_cv_env_build_alias_set=
ac_cv_env_build_alias_value=
ac_cv_env_host_alias_set=
ac_cv_env_host_alias_value=
ac_cv_env_target_alias_set=
ac_cv_env_target_alias_value=
ac_cv_header_alloca_h=yes
ac_cv_header_dlfcn_h=yes
ac_cv_header_getopt_h=yes
ac_cv_header_inttypes_h=yes
ac_cv_header_memory_h=yes
ac_cv_header_stdc=yes
ac_cv_header_stdint_h=yes
ac_cv_header_stdlib_h=yes
ac_cv_header_string_h=yes
ac_cv_header_strings_h=yes
ac_cv_header_sys_audioio_h=no
ac_cv_header_sys_soundcard_h=yes
ac_cv_header_sys_stat_h=yes
ac_cv_header_sys_types_h=yes
ac_cv_header_unistd_h=yes
ac_cv_host=x86_64-unknown-linux-gnu
ac_cv_lib_m_cos=yes
ac_cv_objext=o
ac_cv_path_EGREP='/bin/grep -E'
ac_cv_path_FGREP='/bin/grep -F'
ac_cv_path_GREP=/bin/grep
ac_cv_path_SED=/bin/sed
ac_cv_path_ac_pt_PKG_CONFIG=/usr/bin/pkg-config
ac_cv_path_install='/usr/bin/install -c'
ac_cv_path_mkdir=/bin/mkdir
ac_cv_prog_AWK=mawk
ac_cv_prog_CPP='gcc -E'
ac_cv_prog_ac_ct_AR=ar
ac_cv_prog_ac_ct_CC=gcc
ac_cv_prog_ac_ct_DLLTOOL=dlltool
ac_cv_prog_ac_ct_MANIFEST_TOOL=mt
ac_cv_prog_ac_ct_OBJDUMP=objdump
ac_cv_prog_ac_ct_RANLIB=ranlib
ac_cv_prog_ac_ct_STRIP=strip
ac_cv_prog_cc_c89=
ac_cv_prog_cc_g=yes
ac_cv_prog_make_make_set=yes
ac_cv_sizeof_int16_t=2
ac_cv_sizeof_int32_t=4
ac_cv_sizeof_int=4
ac_cv_sizeof_long=8
ac_cv_sizeof_short=2
ac_cv_sizeof_u_int16_t=2
ac_cv_sizeof_u_int32_t=4
ac_cv_sizeof_uint16_t=2
ac_cv_sizeof_uint32_t=4
am_cv_CC_dependencies_compiler_type=gcc3
am_cv_make_support_nested_variables=yes
am_cv_prog_cc_c_o=yes
lt_cv_ar_at_file=@
lt_cv_archive_cmds_need_lc=no
lt_cv_deplibs_check_method=pass_all
lt_cv_file_magic_cmd='$MAGIC_CMD'
lt_cv_file_magic_test_file=
lt_cv_ld_reload_flag=-r
lt_cv_nm_interface='BSD nm'
lt_cv_objdir=.libs
lt_cv_path_LD=/usr/bin/ld
lt_cv_path_NM='/usr/bin/nm -B'
lt_cv_path_mainfest_tool=no
lt_cv_prog_compiler_c_o=yes
lt_cv_prog_compiler_pic='-fPIC -DPIC'
lt_cv_prog_compiler_pic_works=yes
lt_cv_prog_compiler_rtti_exceptions=no
lt_cv_prog_compiler_static_works=yes
lt_cv_prog_gnu_ld=yes
lt_cv_sharedlib_from_linklib_cmd='printf %s\n'
lt_cv_shlibpath_overrides_runpath=no
lt_cv_sys_global_symbol_pipe='sed -n -e '\''s/^.*[	 ]\([ABCDGIRSTW][ABCDGIRSTW]*\)[	 ][	 ]*\([_A-Za-z][_A-Za-z0-9]*\)$/\1 \2 \2/p'\'' | sed '\''/ __gnu_lto/d'\'''
lt_cv_sys_global_symbol_to_c_name_address='sed -n -e '\''s/^: \([^ ]*\)[ ]*$/  {\"\1\", (void *) 0},/p'\'' -e '\''s/^[ABCDGIRSTW]* \([^ ]*\) \([^ ]*\)$/  {"\2", (void *) \&\2},/p'\'''
lt_cv_sys_global_symbol_to_c_name_address_lib_prefix='sed -n -e '\''s/^: \([^ ]*\)[ ]*$/  {\"\1\", (void *) 0},/p'\'' -e '\''s/^[ABCDGIRSTW]* \([^ ]*\) \(lib[^ ]*\)$/  {"\2", (void *) \&\2},/p'\'' -e '\''s/^[ABCDGIRSTW]* \([^ ]*\) \([^ ]*\)$/  {"lib\2", (void *) \&\2},/p'\'''
lt_cv_sys_global_symbol_to_cdecl='sed -n -e '\''s/^T .* \(.*\)$/extern int \1();/p'\'' -e '\''s/^[ABCDGIRSTW]* .* \(.*\)$/extern char \1;/p'\'''
lt_cv_sys_max_cmd_len=1572864
lt_cv_to_host_file_cmd=func_convert_file_noop
lt_cv_to_tool_file_cmd=func_convert_file_noop

## ----------------- ##
## Output variables. ##
## ----------------- ##

ACLOCAL='${SHELL} /home/cti-70/mywork/speex/speexdsp-1.2rc3/missing aclocal-1.14'
AMDEPBACKSLASH='\'
AMDEP_FALSE='#'
AMDEP_TRUE=''
AMTAR='$${TAR-tar}'
AM_BACKSLASH='\'
AM_DEFAULT_V='$(AM_DEFAULT_VERBOSITY)'
AM_DEFAULT_VERBOSITY='0'
AM_V='$(V)'
AR='ar'
AS='as'
AUTOCONF='${SHELL} /home/cti-70/mywork/speex/speexdsp-1.2rc3/missing autoconf'
AUTOHEADER='${SHELL} /home/cti-70/mywork/speex/speexdsp-1.2rc3/missing autoheader'
AUTOMAKE='${SHELL} /home/cti-70/mywork/speex/speexdsp-1.2rc3/missing automake-1.14'
AWK='mawk'
BUILD_EXAMPLES_FALSE='#'
BUILD_EXAMPLES_TRUE=''
BUILD_KISS_FFT_FALSE=''
BUILD_KISS_FFT_TRUE='#'
BUILD_SMALLFT_FALSE='#'
BUILD_SMALLFT_TRUE=''
CC='gcc'
CCDEPMODE='depmode=gcc3'
CFLAGS='-g -O2 -fvisibility=hidden'
CPP='gcc -E'
CPPFLAGS=''
CYGPATH_W='echo'
DEFS='-DHAVE_CONFIG_H'
DEPDIR='.deps'
DLLTOOL='dlltool'
DSYMUTIL=''
DUMPBIN=''
ECHO_C=''
ECHO_N='-n'
ECHO_T=''
EGREP='/bin/grep -E'
EXEEXT=''
FFT_CFLAGS=''
FFT_LIBS=''
FFT_PKGCONFIG=''
FGREP='/bin/grep -F'
GREP='/bin/grep'
INSTALL_DATA='${INSTALL} -m 644'
INSTALL_PROGRAM='${INSTALL}'
INSTALL_SCRIPT='${INSTALL}'
INSTALL_STRIP_PROGRAM='$(install_sh) -c -s'
LD='/usr/bin/ld -m elf_x86_64'
LDFLAGS=''
LIBM='-lm'
LIBOBJS=''
LIBS=''
LIBTOOL='$(SHELL) $(top_builddir)/libtool'
LIPO=''
LN_S='ln -s'
LTLIBOBJS=''
MAINT=''
MAINTAINER_MODE_FALSE='#'
MAINTAINER_MODE_TRUE=''
MAKEINFO='${SHELL} /home/cti-70/mywork/speex/speexdsp-1.2rc3/missing makeinfo'
MANIFEST_TOOL=':'
MKDIR_P='/bin/mkdir -p'
NM='/usr/bin/nm -B'
NMEDIT=''
OBJDUMP='objdump'
OBJEXT='o'
OTOOL64=''
OTOOL=''
PACKAGE='speexdsp'
PACKAGE_BUGREPORT='speex-dev@xiph.org'
PACKAGE_NAME='speexdsp'
PACKAGE_STRING='speexdsp 1.2rc3'
PACKAGE_TARNAME='speexdsp'
PACKAGE_URL=''
PACKAGE_VERSION='1.2rc3'
PATH_SEPARATOR=':'
PKG_CONFIG='/usr/bin/pkg-config'
PKG_CONFIG_LIBDIR=''
PKG_CONFIG_PATH='/opt/ros/kinetic/lib/pkgconfig'
RANLIB='ranlib'
SED='/bin/sed'
SET_MAKE=''
SHELL='/bin/sh'
SIZE16='int16_t'
SIZE32='int32_t'
SPEEXDSP_LT_AGE='5'
SPEEXDSP_LT_CURRENT='6'
SPEEXDSP_LT_REVISION='0'
STRIP='strip'
USIZE16='uint16_t'
USIZE32='uint32_t'
VERSION='1.2rc3'
ac_ct_AR='ar'
ac_ct_CC='gcc'
ac_ct_DUMPBIN=''
am__EXEEXT_FALSE=''
am__EXEEXT_TRUE='#'
am__fastdepCC_FALSE='#'
am__fastdepCC_TRUE=''
am__include='include'
am__isrc=''
am__leading_dot='.'
am__nodep='_no'
am__quote=''
am__tar='$${TAR-tar} chof - "$$tardir"'
am__untar='$${TAR-tar} xf -'
bindir='${exec_prefix}/bin'
build='x86_64-unknown-linux-gnu'
build_alias=''
build_cpu='x86_64'
build_os='linux-gnu'
build_vendor='unknown'
datadir='${datarootdir}'
datarootdir='${prefix}/share'
docdir='${datarootdir}/doc/${PACKAGE_TARNAME}'
dvidir='${docdir}'
exec_prefix='${prefix}'
host='x86_64-unknown-linux-gnu'
host_alias=''
host_cpu='x86_64'
host_os='linux-gnu'
host_vendor='unknown'
htmldir='${docdir}'
includedir='${prefix}/include'
infodir='${datarootdir}/info'
install_sh='${SHELL} /home/cti-70/mywork/speex/speexdsp-1.2rc3/install-sh'
libdir='${exec_prefix}/lib'
libexecdir='${exec_prefix}/libexec'
localedir='${datarootdir}/locale'
localstatedir='${prefix}/var'
mandir='${datarootdir}/man'
mkdir_p='$(MKDIR_P)'
oldincludedir='/usr/include'
pdfdir='${docdir}'
prefix='/usr/local'
program_transform_name='s,x,x,'
psdir='${docdir}'
sbindir='${exec_prefix}/sbin'
sharedstatedir='${prefix}/com'
src=''
sysconfdir='${prefix}/etc'
target_alias=''

## ----------- ##
## confdefs.h. ##
## ----------- ##

/* confdefs.h */
#define PACKAGE_NAME "speexdsp"
#define PACKAGE_TARNAME "speexdsp"
#define PACKAGE_VERSION "1.2rc3"
#define PACKAGE_STRING "speexdsp 1.2rc3"
#define PACKAGE_BUGREPORT "speex-dev@xiph.org"
#define PACKAGE_URL ""
#define STDC_HEADERS 1
#define HAVE_SYS_TYPES_H 1
#define HAVE_SYS_STAT_H 1
#define HAVE_STDLIB_H 1
#define HAVE_STRING_H 1
#define HAVE_MEMORY_H 1
#define HAVE_STRINGS_H 1
#define HAVE_INTTYPES_H 1
#define HAVE_STDINT_H 1
#define HAVE_UNISTD_H 1
#define HAVE_DLFCN_H 1
#define LT_OBJDIR ".libs/"
#define restrict __restrict
#define VAR_ARRAYS /**/
#define HAVE_ALLOCA_H 1
#define HAVE_GETOPT_H 1
#define EXPORT __attribute__((visibility("default")))
#define HAVE_SYS_SOUNDCARD_H 1
#define FLOATING_POINT /**/
#define _USE_SSE /**/
#define _USE_SSE2 /**/
#define USE_SMALLFT /**/
#define SIZEOF_INT16_T 2
#define SIZEOF_UINT16_T 2
#define SIZEOF_U_INT16_T 2
#define SIZEOF_INT32_T 4
#define SIZEOF_UINT32_T 4
#define SIZEOF_U_INT32_T 4
#define SIZEOF_SHORT 2
#define SIZEOF_INT 4
#define SIZEOF_LONG 8

configure: exit 0
